<?xml version="1.0" encoding="UTF-8"?>
<testng-results ignored="0" total="3" passed="3" failed="0" skipped="0">
  <reporter-output>
  </reporter-output>
  <suite started-at="2023-01-05T15:53:14 EST" name="Default suite" finished-at="2023-01-05T15:56:24 EST" duration-ms="190013">
    <groups>
    </groups>
    <test started-at="2023-01-05T15:53:14 EST" name="Default test" finished-at="2023-01-05T15:56:24 EST" duration-ms="190013">
      <class name="Task.Ebay_Task4_Sel_13">
        <test-method is-config="true" signature="browserinitialization()[pri:0, instance:Task.Ebay_Task4_Sel_13@f09733f]" started-at="2023-01-05T15:53:14 EST" name="browserinitialization" finished-at="2023-01-05T15:53:22 EST" duration-ms="8188" status="PASS">
          <reporter-output>
          </reporter-output>
        </test-method> <!-- browserinitialization -->
        <test-method signature="firsttest()[pri:0, instance:Task.Ebay_Task4_Sel_13@f09733f]" started-at="2023-01-05T15:53:22 EST" name="firsttest" finished-at="2023-01-05T15:54:38 EST" duration-ms="76010" status="PASS">
          <reporter-output>
          </reporter-output>
        </test-method> <!-- firsttest -->
        <test-method signature="secondtest()[pri:0, instance:Task.Ebay_Task4_Sel_13@f09733f]" started-at="2023-01-05T15:54:38 EST" name="secondtest" finished-at="2023-01-05T15:55:16 EST" depends-on-methods="Task.Ebay_Task4_Sel_13.firsttest" duration-ms="37739" status="PASS">
          <reporter-output>
          </reporter-output>
        </test-method> <!-- secondtest -->
        <test-method signature="thirdtest()[pri:0, instance:Task.Ebay_Task4_Sel_13@f09733f]" started-at="2023-01-05T15:55:16 EST" name="thirdtest" finished-at="2023-01-05T15:56:17 EST" depends-on-methods="Task.Ebay_Task4_Sel_13.secondtest" duration-ms="61577" status="PASS">
          <reporter-output>
          </reporter-output>
        </test-method> <!-- thirdtest -->
        <test-method is-config="true" signature="aftermethod()[pri:0, instance:Task.Ebay_Task4_Sel_13@f09733f]" started-at="2023-01-05T15:56:17 EST" name="aftermethod" finished-at="2023-01-05T15:56:24 EST" duration-ms="6441" status="PASS">
          <reporter-output>
          </reporter-output>
        </test-method> <!-- aftermethod -->
      </class> <!-- Task.Ebay_Task4_Sel_13 -->
    </test> <!-- Default test -->
  </suite> <!-- Default suite -->
</testng-results>
