<?xml version="1.0" encoding="UTF-8"?>
<!-- Generated by org.testng.reporters.JUnitXMLReporter -->
<testsuite ignored="0" hostname="LAPTOP-T0MGIVOH" failures="0" tests="6" name="Test" time="64.697" errors="0" timestamp="2022-12-29T12:47:48 EST">
  <testcase classname="TestNG_Basic_Classes.Test1" name="m2" time="20.489"/>
  <testcase classname="TestNG_Basic_Classes.Test1" name="m2" time="23.019"/>
  <testcase classname="TestNG_Basic_Classes.Test1" name="m1" time="47.169"/>
  <testcase classname="TestNG_Basic_Classes.Test1" name="m2" time="53.521"/>
  <testcase classname="TestNG_Basic_Classes.Test1" name="m1" time="56.592"/>
  <testcase classname="TestNG_Basic_Classes.Test1" name="m1" time="64.631"/>
</testsuite> <!-- Test -->
