<?xml version="1.0" encoding="UTF-8"?>
<!-- Generated by org.testng.reporters.JUnitXMLReporter -->
<testsuite ignored="0" hostname="LAPTOP-T0MGIVOH" failures="0" tests="4" name="Test1,2,3 run parallaly" time="60.315" errors="0" timestamp="2022-12-29T12:14:42 EST">
  <testcase classname="TestNG_Basic_Classes.Test2" name="m3" time="27.545"/>
  <testcase classname="TestNG_Basic_Classes.Test3" name="m5" time="30.202"/>
  <testcase classname="TestNG_Basic_Classes.Test1" name="m1" time="39.168"/>
  <testcase classname="TestNG_Basic_Classes.Test1" name="m2" time="20.984"/>
</testsuite> <!-- Test1,2,3 run parallaly -->
