<?xml version="1.0" encoding="UTF-8"?>
<!-- Generated by org.testng.reporters.JUnitXMLReporter -->
<testsuite ignored="5" hostname="LAPTOP-T0MGIVOH" failures="0" tests="1" name="Type Based Test" time="0.062" errors="0" timestamp="2022-12-29T13:15:25 EST">
  <testcase classname="TestingEnv.Test4" name="testcase1" time="0.01"/>
  <testcase classname="TestingEnv.Test4" name="testcase6" time="0.0">
    <ignored/>
  </testcase> <!-- testcase6 -->
  <testcase classname="TestingEnv.Test4" name="testcase4" time="0.0">
    <ignored/>
  </testcase> <!-- testcase4 -->
  <testcase classname="TestingEnv.Test4" name="testcase5" time="0.0">
    <ignored/>
  </testcase> <!-- testcase5 -->
  <testcase classname="TestingEnv.Test4" name="testcase2" time="0.0">
    <ignored/>
  </testcase> <!-- testcase2 -->
  <testcase classname="TestingEnv.Test4" name="testcase3" time="0.0">
    <ignored/>
  </testcase> <!-- testcase3 -->
</testsuite> <!-- Type Based Test -->
