<?xml version="1.0" encoding="UTF-8"?>
<!-- Generated by org.testng.reporters.JUnitXMLReporter -->
<testsuite ignored="0" hostname="LAPTOP-T0MGIVOH" failures="0" tests="4" name="facebook_signin " time="115.541" errors="0" timestamp="2022-12-29T21:32:54 EST">
  <testcase classname="FaceBookWork_TestNG.Facebook_singinTest" name="facebook_signuptest" time="32.644"/>
  <testcase classname="FaceBookWork_TestNG.Facebook_singinTest" name="facebook_signuptest" time="23.485"/>
  <testcase classname="FaceBookWork_TestNG.Facebook_singinTest" name="facebook_signuptest" time="16.647"/>
  <testcase classname="FaceBookWork_TestNG.Facebook_singinTest" name="facebook_signuptest" time="13.967"/>
</testsuite> <!-- facebook_signin  -->
