<?xml version="1.0" encoding="UTF-8"?>
<!-- Generated by org.testng.reporters.JUnitXMLReporter -->
<testsuite ignored="0" hostname="LAPTOP-T0MGIVOH" failures="0" tests="3" name="Default test" time="190.013" errors="0" timestamp="2023-01-05T15:56:24 EST">
  <testcase classname="Task.Ebay_Task4_Sel_13" name="firsttest" time="76.01"/>
  <testcase classname="Task.Ebay_Task4_Sel_13" name="secondtest" time="37.739"/>
  <testcase classname="Task.Ebay_Task4_Sel_13" name="thirdtest" time="61.577"/>
</testsuite> <!-- Default test -->
