<?xml version="1.0" encoding="UTF-8"?>
<!-- Generated by org.testng.reporters.JUnitXMLReporter -->
<testsuite ignored="0" hostname="LAPTOP-T0MGIVOH" failures="1" tests="2" name="Ummey_Amazon_Test.edge" time="33.703" errors="0" timestamp="2022-12-29T11:07:06 EST">
  <testcase classname="Amazon.Amazon2" name="f" time="0.632">
    <failure type="java.lang.AssertionError" message="The following asserts failed:
	expected [https://www.amazon] but found [https://www.amazon.com/]">
      <![CDATA[java.lang.AssertionError: The following asserts failed:
expected [https://www.amazon] but found [https://www.amazon.com/]
at Amazon.Amazon2.f(Amazon2.java:39)
at java.base/java.util.ArrayList.forEach(ArrayList.java:1511)
at java.base/java.util.concurrent.FutureTask.run(FutureTask.java:264)
at java.base/java.util.concurrent.ThreadPoolExecutor.runWorker(ThreadPoolExecutor.java:1136)
at java.base/java.util.concurrent.ThreadPoolExecutor$Worker.run(ThreadPoolExecutor.java:635)
at java.base/java.lang.Thread.run(Thread.java:833)
... Removed 19 stack frames]]>
    </failure>
  </testcase> <!-- f -->
  <testcase classname="Amazon.Amazon2" name="test2" time="9.998"/>
</testsuite> <!-- Ummey_Amazon_Test.edge -->
